<?xml version="1.0" encoding="UTF-8"?>
<!-- Generated by org.testng.reporters.JUnitReportReporter -->
<testsuite hostname="SHARATHs-MacBook-Pro.local" name="TestCases.Testcase1" tests="1" failures="0" timestamp="25 Oct 2017 14:19:39 GMT" time="87.242" errors="0">
  <testcase name="testHomePAge" time="87.242" classname="TestCases.Testcase1"/>
</testsuite> <!-- TestCases.Testcase1 -->
