<?xml version="1.0" encoding="UTF-8"?>
<!-- Generated by org.testng.reporters.JUnitReportReporter -->
<testsuite hostname="SHARATHs-MacBook-Pro.local" name="TestCases.Testcase2" tests="1" failures="0" timestamp="25 Oct 2017 14:19:44 GMT" time="4.808" errors="0">
  <testcase name="login" time="4.808" classname="TestCases.Testcase2"/>
</testsuite> <!-- TestCases.Testcase2 -->
