<?xml version="1.0" encoding="UTF-8"?>
<!-- Generated by org.testng.reporters.JUnitReportReporter -->
<testsuite hostname="SHARATHs-MacBook-Pro.local" name="TestCases.Testcase1" tests="1" failures="0" timestamp="25 Oct 2017 15:31:38 GMT" time="88.236" errors="0">
  <testcase name="testHomePAge" time="88.236" classname="TestCases.Testcase1"/>
</testsuite> <!-- TestCases.Testcase1 -->
