<?xml version="1.0" encoding="UTF-8"?>
<!-- Generated by org.testng.reporters.JUnitReportReporter -->
<testsuite hostname="SHARATHs-MacBook-Pro.local" name="TestCases.Testcase2" tests="1" failures="0" timestamp="25 Oct 2017 15:31:33 GMT" time="7.236" errors="0">
  <testcase name="login" time="7.236" classname="TestCases.Testcase2"/>
</testsuite> <!-- TestCases.Testcase2 -->
